# JRE version: OpenJDK Runtime Environment (10.0.1+10) (build 10.0.1+10-Ubuntu-3ubuntu1)
# Java VM: OpenJDK 64-Bit Server VM (10.0.1+10-Ubuntu-3ubuntu1, mixed mode, tiered, compressed oops, g1 gc, linux-amd64)
Heap:
 garbage-first heap   total 313344K, used 52137K [0x00000000c4c00000, 0x0000000100000000)
  region size 1024K, 1 young (1024K), 1 survivors (1024K)
 Metaspace       used 67110K, capacity 68954K, committed 69376K, reserved 1110016K
  class space    used 8186K, capacity 8876K, committed 8960K, reserved 1048576K
GC Heap History (10 events):
Event: 121.227 GC heap after
{Heap after GC invocations=79 (full 0):
 garbage-first heap   total 104448K, used 49340K [0x00000000c4c00000, 0x0000000100000000)
  region size 1024K, 3 young (3072K), 3 survivors (3072K)
 Metaspace       used 64969K, capacity 66737K, committed 67072K, reserved 1107968K
  class space    used 7994K, capacity 8662K, committed 8704K, reserved 1048576K
}
Event: 122.005 GC heap before
{Heap before GC invocations=80 (full 0):
 garbage-first heap   total 104448K, used 72892K [0x00000000c4c00000, 0x0000000100000000)
  region size 1024K, 26 young (26624K), 3 survivors (3072K)
 Metaspace       used 65731K, capacity 67515K, committed 67968K, reserved 1107968K
  class space    used 8083K, capacity 8772K, committed 8832K, reserved 1048576K
}
Event: 123.134 GC heap after
{Heap after GC invocations=81 (full 0):
 garbage-first heap   total 104448K, used 50414K [0x00000000c4c00000, 0x0000000100000000)
  region size 1024K, 3 young (3072K), 3 survivors (3072K)
 Metaspace       used 65731K, capacity 67515K, committed 67968K, reserved 1107968K
  class space    used 8083K, capacity 8772K, committed 8832K, reserved 1048576K
}
Event: 123.178 GC heap before
{Heap before GC invocations=81 (full 0):
 garbage-first heap   total 104448K, used 52462K [0x00000000c4c00000, 0x0000000100000000)
  region size 1024K, 5 young (5120K), 3 survivors (3072K)
 Metaspace       used 65762K, capacity 67596K, committed 67968K, reserved 1107968K
  class space    used 8091K, capacity 8786K, committed 8832K, reserved 1048576K
}
Event: 123.186 GC heap after
{Heap after GC invocations=82 (full 0):
 garbage-first heap   total 104448K, used 50640K [0x00000000c4c00000, 0x0000000100000000)
  region size 1024K, 1 young (1024K), 1 survivors (1024K)
 Metaspace       used 65762K, capacity 67596K, committed 67968K, reserved 1107968K
  class space    used 8091K, capacity 8786K, committed 8832K, reserved 1048576K
}
Event: 123.265 GC heap before
{Heap before GC invocations=82 (full 0):
 garbage-first heap   total 104448K, used 54736K [0x00000000c4c00000, 0x0000000100000000)
  region size 1024K, 5 young (5120K), 1 survivors (1024K)
 Metaspace       used 65768K, capacity 67596K, committed 67968K, reserved 1107968K
  class space    used 8092K, capacity 8786K, committed 8832K, reserved 1048576K
}
Event: 123.271 GC heap after
{Heap after GC invocations=83 (full 0):
 garbage-first heap   total 104448K, used 50533K [0x00000000c4c00000, 0x0000000100000000)
  region size 1024K, 1 young (1024K), 1 survivors (1024K)
 Metaspace       used 65768K, capacity 67596K, committed 67968K, reserved 1107968K
  class space    used 8092K, capacity 8786K, committed 8832K, reserved 1048576K
}
Event: 124.880 GC heap before
{Heap before GC invocations=84 (full 0):
 garbage-first heap   total 104448K, used 72037K [0x00000000c4c00000, 0x0000000100000000)
  region size 1024K, 23 young (23552K), 1 survivors (1024K)
 Metaspace       used 66192K, capacity 68007K, committed 68352K, reserved 1107968K
  class space    used 8140K, capacity 8837K, committed 8960K, reserved 1048576K
}
Event: 124.950 GC heap after
{Heap after GC invocations=85 (full 0):
 garbage-first heap   total 104448K, used 52154K [0x00000000c4c00000, 0x0000000100000000)
  region size 1024K, 2 young (2048K), 2 survivors (2048K)
 Metaspace       used 66192K, capacity 68007K, committed 68352K, reserved 1107968K
  class space    used 8140K, capacity 8837K, committed 8960K, reserved 1048576K
}
Event: 125.607 GC heap before
{Heap before GC invocations=86 (full 0):
 garbage-first heap   total 104448K, used 58298K [0x00000000c4c00000, 0x0000000100000000)
  region size 1024K, 5 young (5120K), 2 survivors (2048K)
 Metaspace       used 67110K, capacity 68954K, committed 69376K, reserved 1110016K
  class space    used 8186K, capacity 8876K, committed 8960K, reserved 1048576K
}

